13-11-2018 13:51:53.586 o.s.b.a.o.j.JpaBaseConfiguration$JpaWebConfiguration$JpaWebMvcConfiguration.$M  spring.jpa.open-in-view is enabled by default. Therefore, database queries may be performed during view rendering. Explicitly configure spring.jpa.open-in-view to disable this warning
13-11-2018 14:13:18.836 o.s.b.a.o.j.JpaBaseConfiguration$JpaWebConfiguration$JpaWebMvcConfiguration.$M  spring.jpa.open-in-view is enabled by default. Therefore, database queries may be performed during view rendering. Explicitly configure spring.jpa.open-in-view to disable this warning
13-11-2018 14:13:48.012 a.e.i.p.parcial.ParcialApplication.$M  Starting ParcialApplication on giuliano-Aspire-E5-571 with PID 4713 (/home/giuliano/eclipse-workspace/ParcialWeb3/target/classes started by giuliano in /home/giuliano/eclipse-workspace/ParcialWeb3)
13-11-2018 14:13:48.013 a.e.i.p.parcial.ParcialApplication.$M  Running with Spring Boot v2.0.6.RELEASE, Spring v5.0.10.RELEASE
13-11-2018 14:13:48.016 a.e.i.p.parcial.ParcialApplication.$M  No active profile set, falling back to default profiles: default
13-11-2018 14:13:52.437 o.s.b.a.o.j.JpaBaseConfiguration$JpaWebConfiguration$JpaWebMvcConfiguration.$M  spring.jpa.open-in-view is enabled by default. Therefore, database queries may be performed during view rendering. Explicitly configure spring.jpa.open-in-view to disable this warning
13-11-2018 14:13:52.958 a.e.i.p.parcial.ParcialApplication.$M  Started ParcialApplication in 5.414 seconds (JVM running for 6.24)
13-11-2018 14:21:42.839 a.e.i.p.parcial.ParcialApplication.$M  Starting ParcialApplication on giuliano-Aspire-E5-571 with PID 5395 (/home/giuliano/eclipse-workspace/ParcialWeb3/target/classes started by giuliano in /home/giuliano/eclipse-workspace/ParcialWeb3)
13-11-2018 14:21:42.840 a.e.i.p.parcial.ParcialApplication.$M  Running with Spring Boot v2.0.6.RELEASE, Spring v5.0.10.RELEASE
13-11-2018 14:21:42.846 a.e.i.p.parcial.ParcialApplication.$M  No active profile set, falling back to default profiles: default
13-11-2018 14:21:46.935 o.s.b.w.s.c.AnnotationConfigServletWebServerApplicationContext.$M  Exception encountered during context initialization - cancelling refresh attempt: org.springframework.beans.factory.UnsatisfiedDependencyException: Error creating bean with name 'tareaBusiness': Unsatisfied dependency expressed through field 'tareaDAO'; nested exception is org.springframework.beans.factory.BeanCreationException: Error creating bean with name 'tareaRepository': Invocation of init method failed; nested exception is java.lang.IllegalArgumentException: Failed to create query for method public abstract java.util.List ar.edu.iua.project.parcial.persistence.repository.TareaRepository.findAllByOrderByPrioridadAsc(java.lang.String)! At least 1 parameter(s) provided but only 0 parameter(s) present in query.
13-11-2018 14:21:46.970 o.s.boot.SpringApplication.$M  Application run failed
org.springframework.beans.factory.UnsatisfiedDependencyException: Error creating bean with name 'tareaBusiness': Unsatisfied dependency expressed through field 'tareaDAO'; nested exception is org.springframework.beans.factory.BeanCreationException: Error creating bean with name 'tareaRepository': Invocation of init method failed; nested exception is java.lang.IllegalArgumentException: Failed to create query for method public abstract java.util.List ar.edu.iua.project.parcial.persistence.repository.TareaRepository.findAllByOrderByPrioridadAsc(java.lang.String)! At least 1 parameter(s) provided but only 0 parameter(s) present in query.
	at org.springframework.beans.factory.annotation.AutowiredAnnotationBeanPostProcessor$AutowiredFieldElement.inject(AutowiredAnnotationBeanPostProcessor.java:584)
	at org.springframework.beans.factory.annotation.InjectionMetadata.inject(InjectionMetadata.java:90)
	at org.springframework.beans.factory.annotation.AutowiredAnnotationBeanPostProcessor.postProcessPropertyValues(AutowiredAnnotationBeanPostProcessor.java:370)
	at org.springframework.beans.factory.support.AbstractAutowireCapableBeanFactory.populateBean(AbstractAutowireCapableBeanFactory.java:1336)
	at org.springframework.beans.factory.support.AbstractAutowireCapableBeanFactory.doCreateBean(AbstractAutowireCapableBeanFactory.java:572)
	at org.springframework.beans.factory.support.AbstractAutowireCapableBeanFactory.createBean(AbstractAutowireCapableBeanFactory.java:495)
	at org.springframework.beans.factory.support.AbstractBeanFactory.lambda$doGetBean$0(AbstractBeanFactory.java:317)
	at org.springframework.beans.factory.support.DefaultSingletonBeanRegistry.getSingleton(DefaultSingletonBeanRegistry.java:222)
	at org.springframework.beans.factory.support.AbstractBeanFactory.doGetBean(AbstractBeanFactory.java:315)
	at org.springframework.beans.factory.support.AbstractBeanFactory.getBean(AbstractBeanFactory.java:199)
	at org.springframework.beans.factory.support.DefaultListableBeanFactory.preInstantiateSingletons(DefaultListableBeanFactory.java:759)
	at org.springframework.context.support.AbstractApplicationContext.finishBeanFactoryInitialization(AbstractApplicationContext.java:867)
	at org.springframework.context.support.AbstractApplicationContext.refresh(AbstractApplicationContext.java:548)
	at org.springframework.boot.web.servlet.context.ServletWebServerApplicationContext.refresh(ServletWebServerApplicationContext.java:140)
	at org.springframework.boot.SpringApplication.refresh(SpringApplication.java:754)
	at org.springframework.boot.SpringApplication.refreshContext(SpringApplication.java:386)
	at org.springframework.boot.SpringApplication.run(SpringApplication.java:307)
	at org.springframework.boot.SpringApplication.run(SpringApplication.java:1242)
	at org.springframework.boot.SpringApplication.run(SpringApplication.java:1230)
	at ar.edu.iua.project.parcial.ParcialApplication.main(ParcialApplication.java:10)
	at sun.reflect.NativeMethodAccessorImpl.invoke0(Native Method)
	at sun.reflect.NativeMethodAccessorImpl.invoke(NativeMethodAccessorImpl.java:62)
	at sun.reflect.DelegatingMethodAccessorImpl.invoke(DelegatingMethodAccessorImpl.java:43)
	at java.lang.reflect.Method.invoke(Method.java:498)
	at org.springframework.boot.devtools.restart.RestartLauncher.run(RestartLauncher.java:49)
Caused by: org.springframework.beans.factory.BeanCreationException: Error creating bean with name 'tareaRepository': Invocation of init method failed; nested exception is java.lang.IllegalArgumentException: Failed to create query for method public abstract java.util.List ar.edu.iua.project.parcial.persistence.repository.TareaRepository.findAllByOrderByPrioridadAsc(java.lang.String)! At least 1 parameter(s) provided but only 0 parameter(s) present in query.
	at org.springframework.beans.factory.support.AbstractAutowireCapableBeanFactory.initializeBean(AbstractAutowireCapableBeanFactory.java:1694)
	at org.springframework.beans.factory.support.AbstractAutowireCapableBeanFactory.doCreateBean(AbstractAutowireCapableBeanFactory.java:573)
	at org.springframework.beans.factory.support.AbstractAutowireCapableBeanFactory.createBean(AbstractAutowireCapableBeanFactory.java:495)
	at org.springframework.beans.factory.support.AbstractBeanFactory.lambda$doGetBean$0(AbstractBeanFactory.java:317)
	at org.springframework.beans.factory.support.DefaultSingletonBeanRegistry.getSingleton(DefaultSingletonBeanRegistry.java:222)
	at org.springframework.beans.factory.support.AbstractBeanFactory.doGetBean(AbstractBeanFactory.java:315)
	at org.springframework.beans.factory.support.AbstractBeanFactory.getBean(AbstractBeanFactory.java:199)
	at org.springframework.beans.factory.config.DependencyDescriptor.resolveCandidate(DependencyDescriptor.java:251)
	at org.springframework.beans.factory.support.DefaultListableBeanFactory.doResolveDependency(DefaultListableBeanFactory.java:1135)
	at org.springframework.beans.factory.support.DefaultListableBeanFactory.resolveDependency(DefaultListableBeanFactory.java:1062)
	at org.springframework.beans.factory.annotation.AutowiredAnnotationBeanPostProcessor$AutowiredFieldElement.inject(AutowiredAnnotationBeanPostProcessor.java:581)
	... 24 common frames omitted
Caused by: java.lang.IllegalArgumentException: Failed to create query for method public abstract java.util.List ar.edu.iua.project.parcial.persistence.repository.TareaRepository.findAllByOrderByPrioridadAsc(java.lang.String)! At least 1 parameter(s) provided but only 0 parameter(s) present in query.
	at org.springframework.data.jpa.repository.query.PartTreeJpaQuery.<init>(PartTreeJpaQuery.java:82)
	at org.springframework.data.jpa.repository.query.JpaQueryLookupStrategy$CreateQueryLookupStrategy.resolveQuery(JpaQueryLookupStrategy.java:103)
	at org.springframework.data.jpa.repository.query.JpaQueryLookupStrategy$CreateIfNotFoundQueryLookupStrategy.resolveQuery(JpaQueryLookupStrategy.java:208)
	at org.springframework.data.jpa.repository.query.JpaQueryLookupStrategy$AbstractQueryLookupStrategy.resolveQuery(JpaQueryLookupStrategy.java:79)
	at org.springframework.data.repository.core.support.RepositoryFactorySupport$QueryExecutorMethodInterceptor.lookupQuery(RepositoryFactorySupport.java:565)
	at org.springframework.data.repository.core.support.RepositoryFactorySupport$QueryExecutorMethodInterceptor.lambda$mapMethodsToQuery$1(RepositoryFactorySupport.java:558)
	at java.util.stream.ReferencePipeline$3$1.accept(ReferencePipeline.java:193)
	at java.util.Iterator.forEachRemaining(Iterator.java:116)
	at java.util.Collections$UnmodifiableCollection$1.forEachRemaining(Collections.java:1049)
	at java.util.Spliterators$IteratorSpliterator.forEachRemaining(Spliterators.java:1801)
	at java.util.stream.AbstractPipeline.copyInto(AbstractPipeline.java:481)
	at java.util.stream.AbstractPipeline.wrapAndCopyInto(AbstractPipeline.java:471)
	at java.util.stream.ReduceOps$ReduceOp.evaluateSequential(ReduceOps.java:708)
	at java.util.stream.AbstractPipeline.evaluate(AbstractPipeline.java:234)
	at java.util.stream.ReferencePipeline.collect(ReferencePipeline.java:499)
	at org.springframework.data.repository.core.support.RepositoryFactorySupport$QueryExecutorMethodInterceptor.mapMethodsToQuery(RepositoryFactorySupport.java:560)
	at org.springframework.data.repository.core.support.RepositoryFactorySupport$QueryExecutorMethodInterceptor.lambda$new$0(RepositoryFactorySupport.java:550)
	at java.util.Optional.map(Optional.java:215)
	at org.springframework.data.repository.core.support.RepositoryFactorySupport$QueryExecutorMethodInterceptor.<init>(RepositoryFactorySupport.java:550)
	at org.springframework.data.repository.core.support.RepositoryFactorySupport.getRepository(RepositoryFactorySupport.java:323)
	at org.springframework.data.repository.core.support.RepositoryFactoryBeanSupport.lambda$afterPropertiesSet$4(RepositoryFactoryBeanSupport.java:290)
	at org.springframework.data.util.Lazy.getNullable(Lazy.java:141)
	at org.springframework.data.util.Lazy.get(Lazy.java:63)
	at org.springframework.data.repository.core.support.RepositoryFactoryBeanSupport.afterPropertiesSet(RepositoryFactoryBeanSupport.java:293)
	at org.springframework.data.jpa.repository.support.JpaRepositoryFactoryBean.afterPropertiesSet(JpaRepositoryFactoryBean.java:102)
	at org.springframework.beans.factory.support.AbstractAutowireCapableBeanFactory.invokeInitMethods(AbstractAutowireCapableBeanFactory.java:1753)
	at org.springframework.beans.factory.support.AbstractAutowireCapableBeanFactory.initializeBean(AbstractAutowireCapableBeanFactory.java:1690)
	... 34 common frames omitted
Caused by: java.lang.IllegalArgumentException: At least 1 parameter(s) provided but only 0 parameter(s) present in query.
	at org.springframework.util.Assert.isTrue(Assert.java:134)
	at org.springframework.data.jpa.repository.query.QueryParameterSetterFactory$CriteriaQueryParameterSetterFactory.create(QueryParameterSetterFactory.java:289)
	at org.springframework.data.jpa.repository.query.ParameterBinderFactory.lambda$createQueryParameterSetter$1(ParameterBinderFactory.java:139)
	at java.util.stream.ReferencePipeline$3$1.accept(ReferencePipeline.java:193)
	at java.util.Spliterators$ArraySpliterator.tryAdvance(Spliterators.java:958)
	at java.util.stream.ReferencePipeline.forEachWithCancel(ReferencePipeline.java:126)
	at java.util.stream.AbstractPipeline.copyIntoWithCancel(AbstractPipeline.java:498)
	at java.util.stream.AbstractPipeline.copyInto(AbstractPipeline.java:485)
	at java.util.stream.AbstractPipeline.wrapAndCopyInto(AbstractPipeline.java:471)
	at java.util.stream.FindOps$FindOp.evaluateSequential(FindOps.java:152)
	at java.util.stream.AbstractPipeline.evaluate(AbstractPipeline.java:234)
	at java.util.stream.ReferencePipeline.findFirst(ReferencePipeline.java:464)
	at org.springframework.data.jpa.repository.query.ParameterBinderFactory.createQueryParameterSetter(ParameterBinderFactory.java:141)
	at org.springframework.data.jpa.repository.query.ParameterBinderFactory.lambda$createSetters$0(ParameterBinderFactory.java:131)
	at java.util.stream.ReferencePipeline$3$1.accept(ReferencePipeline.java:193)
	at java.util.ArrayList$ArrayListSpliterator.forEachRemaining(ArrayList.java:1382)
	at java.util.stream.AbstractPipeline.copyInto(AbstractPipeline.java:481)
	at java.util.stream.AbstractPipeline.wrapAndCopyInto(AbstractPipeline.java:471)
	at java.util.stream.ReduceOps$ReduceOp.evaluateSequential(ReduceOps.java:708)
	at java.util.stream.AbstractPipeline.evaluate(AbstractPipeline.java:234)
	at java.util.stream.ReferencePipeline.collect(ReferencePipeline.java:499)
	at org.springframework.data.jpa.repository.query.ParameterBinderFactory.createSetters(ParameterBinderFactory.java:132)
	at org.springframework.data.jpa.repository.query.ParameterBinderFactory.createSetters(ParameterBinderFactory.java:124)
	at org.springframework.data.jpa.repository.query.ParameterBinderFactory.createCriteriaBinder(ParameterBinderFactory.java:75)
	at org.springframework.data.jpa.repository.query.PartTreeJpaQuery$QueryPreparer.getBinder(PartTreeJpaQuery.java:248)
	at org.springframework.data.jpa.repository.query.PartTreeJpaQuery$QueryPreparer.<init>(PartTreeJpaQuery.java:147)
	at org.springframework.data.jpa.repository.query.PartTreeJpaQuery$CountQueryPreparer.<init>(PartTreeJpaQuery.java:268)
	at org.springframework.data.jpa.repository.query.PartTreeJpaQuery.<init>(PartTreeJpaQuery.java:77)
	... 60 common frames omitted
13-11-2018 14:24:11.064 a.e.i.p.parcial.ParcialApplication.$M  Starting ParcialApplication on giuliano-Aspire-E5-571 with PID 5510 (/home/giuliano/eclipse-workspace/ParcialWeb3/target/classes started by giuliano in /home/giuliano/eclipse-workspace/ParcialWeb3)
13-11-2018 14:24:11.070 a.e.i.p.parcial.ParcialApplication.$M  Running with Spring Boot v2.0.6.RELEASE, Spring v5.0.10.RELEASE
13-11-2018 14:24:11.092 a.e.i.p.parcial.ParcialApplication.$M  No active profile set, falling back to default profiles: default
13-11-2018 14:24:15.736 o.s.b.w.s.c.AnnotationConfigServletWebServerApplicationContext.$M  Exception encountered during context initialization - cancelling refresh attempt: org.springframework.beans.factory.UnsatisfiedDependencyException: Error creating bean with name 'tareaBusiness': Unsatisfied dependency expressed through field 'tareaDAO'; nested exception is org.springframework.beans.factory.BeanCreationException: Error creating bean with name 'tareaRepository': Invocation of init method failed; nested exception is java.lang.IllegalArgumentException: Failed to create query for method public abstract java.util.List ar.edu.iua.project.parcial.persistence.repository.TareaRepository.findAllByOrderByPrioridadAsc(java.lang.String)! At least 1 parameter(s) provided but only 0 parameter(s) present in query.
13-11-2018 14:24:15.770 o.s.boot.SpringApplication.$M  Application run failed
org.springframework.beans.factory.UnsatisfiedDependencyException: Error creating bean with name 'tareaBusiness': Unsatisfied dependency expressed through field 'tareaDAO'; nested exception is org.springframework.beans.factory.BeanCreationException: Error creating bean with name 'tareaRepository': Invocation of init method failed; nested exception is java.lang.IllegalArgumentException: Failed to create query for method public abstract java.util.List ar.edu.iua.project.parcial.persistence.repository.TareaRepository.findAllByOrderByPrioridadAsc(java.lang.String)! At least 1 parameter(s) provided but only 0 parameter(s) present in query.
	at org.springframework.beans.factory.annotation.AutowiredAnnotationBeanPostProcessor$AutowiredFieldElement.inject(AutowiredAnnotationBeanPostProcessor.java:584)
	at org.springframework.beans.factory.annotation.InjectionMetadata.inject(InjectionMetadata.java:90)
	at org.springframework.beans.factory.annotation.AutowiredAnnotationBeanPostProcessor.postProcessPropertyValues(AutowiredAnnotationBeanPostProcessor.java:370)
	at org.springframework.beans.factory.support.AbstractAutowireCapableBeanFactory.populateBean(AbstractAutowireCapableBeanFactory.java:1336)
	at org.springframework.beans.factory.support.AbstractAutowireCapableBeanFactory.doCreateBean(AbstractAutowireCapableBeanFactory.java:572)
	at org.springframework.beans.factory.support.AbstractAutowireCapableBeanFactory.createBean(AbstractAutowireCapableBeanFactory.java:495)
	at org.springframework.beans.factory.support.AbstractBeanFactory.lambda$doGetBean$0(AbstractBeanFactory.java:317)
	at org.springframework.beans.factory.support.DefaultSingletonBeanRegistry.getSingleton(DefaultSingletonBeanRegistry.java:222)
	at org.springframework.beans.factory.support.AbstractBeanFactory.doGetBean(AbstractBeanFactory.java:315)
	at org.springframework.beans.factory.support.AbstractBeanFactory.getBean(AbstractBeanFactory.java:199)
	at org.springframework.beans.factory.support.DefaultListableBeanFactory.preInstantiateSingletons(DefaultListableBeanFactory.java:759)
	at org.springframework.context.support.AbstractApplicationContext.finishBeanFactoryInitialization(AbstractApplicationContext.java:867)
	at org.springframework.context.support.AbstractApplicationContext.refresh(AbstractApplicationContext.java:548)
	at org.springframework.boot.web.servlet.context.ServletWebServerApplicationContext.refresh(ServletWebServerApplicationContext.java:140)
	at org.springframework.boot.SpringApplication.refresh(SpringApplication.java:754)
	at org.springframework.boot.SpringApplication.refreshContext(SpringApplication.java:386)
	at org.springframework.boot.SpringApplication.run(SpringApplication.java:307)
	at org.springframework.boot.SpringApplication.run(SpringApplication.java:1242)
	at org.springframework.boot.SpringApplication.run(SpringApplication.java:1230)
	at ar.edu.iua.project.parcial.ParcialApplication.main(ParcialApplication.java:10)
	at sun.reflect.NativeMethodAccessorImpl.invoke0(Native Method)
	at sun.reflect.NativeMethodAccessorImpl.invoke(NativeMethodAccessorImpl.java:62)
	at sun.reflect.DelegatingMethodAccessorImpl.invoke(DelegatingMethodAccessorImpl.java:43)
	at java.lang.reflect.Method.invoke(Method.java:498)
	at org.springframework.boot.devtools.restart.RestartLauncher.run(RestartLauncher.java:49)
Caused by: org.springframework.beans.factory.BeanCreationException: Error creating bean with name 'tareaRepository': Invocation of init method failed; nested exception is java.lang.IllegalArgumentException: Failed to create query for method public abstract java.util.List ar.edu.iua.project.parcial.persistence.repository.TareaRepository.findAllByOrderByPrioridadAsc(java.lang.String)! At least 1 parameter(s) provided but only 0 parameter(s) present in query.
	at org.springframework.beans.factory.support.AbstractAutowireCapableBeanFactory.initializeBean(AbstractAutowireCapableBeanFactory.java:1694)
	at org.springframework.beans.factory.support.AbstractAutowireCapableBeanFactory.doCreateBean(AbstractAutowireCapableBeanFactory.java:573)
	at org.springframework.beans.factory.support.AbstractAutowireCapableBeanFactory.createBean(AbstractAutowireCapableBeanFactory.java:495)
	at org.springframework.beans.factory.support.AbstractBeanFactory.lambda$doGetBean$0(AbstractBeanFactory.java:317)
	at org.springframework.beans.factory.support.DefaultSingletonBeanRegistry.getSingleton(DefaultSingletonBeanRegistry.java:222)
	at org.springframework.beans.factory.support.AbstractBeanFactory.doGetBean(AbstractBeanFactory.java:315)
	at org.springframework.beans.factory.support.AbstractBeanFactory.getBean(AbstractBeanFactory.java:199)
	at org.springframework.beans.factory.config.DependencyDescriptor.resolveCandidate(DependencyDescriptor.java:251)
	at org.springframework.beans.factory.support.DefaultListableBeanFactory.doResolveDependency(DefaultListableBeanFactory.java:1135)
	at org.springframework.beans.factory.support.DefaultListableBeanFactory.resolveDependency(DefaultListableBeanFactory.java:1062)
	at org.springframework.beans.factory.annotation.AutowiredAnnotationBeanPostProcessor$AutowiredFieldElement.inject(AutowiredAnnotationBeanPostProcessor.java:581)
	... 24 common frames omitted
Caused by: java.lang.IllegalArgumentException: Failed to create query for method public abstract java.util.List ar.edu.iua.project.parcial.persistence.repository.TareaRepository.findAllByOrderByPrioridadAsc(java.lang.String)! At least 1 parameter(s) provided but only 0 parameter(s) present in query.
	at org.springframework.data.jpa.repository.query.PartTreeJpaQuery.<init>(PartTreeJpaQuery.java:82)
	at org.springframework.data.jpa.repository.query.JpaQueryLookupStrategy$CreateQueryLookupStrategy.resolveQuery(JpaQueryLookupStrategy.java:103)
	at org.springframework.data.jpa.repository.query.JpaQueryLookupStrategy$CreateIfNotFoundQueryLookupStrategy.resolveQuery(JpaQueryLookupStrategy.java:208)
	at org.springframework.data.jpa.repository.query.JpaQueryLookupStrategy$AbstractQueryLookupStrategy.resolveQuery(JpaQueryLookupStrategy.java:79)
	at org.springframework.data.repository.core.support.RepositoryFactorySupport$QueryExecutorMethodInterceptor.lookupQuery(RepositoryFactorySupport.java:565)
	at org.springframework.data.repository.core.support.RepositoryFactorySupport$QueryExecutorMethodInterceptor.lambda$mapMethodsToQuery$1(RepositoryFactorySupport.java:558)
	at java.util.stream.ReferencePipeline$3$1.accept(ReferencePipeline.java:193)
	at java.util.Iterator.forEachRemaining(Iterator.java:116)
	at java.util.Collections$UnmodifiableCollection$1.forEachRemaining(Collections.java:1049)
	at java.util.Spliterators$IteratorSpliterator.forEachRemaining(Spliterators.java:1801)
	at java.util.stream.AbstractPipeline.copyInto(AbstractPipeline.java:481)
	at java.util.stream.AbstractPipeline.wrapAndCopyInto(AbstractPipeline.java:471)
	at java.util.stream.ReduceOps$ReduceOp.evaluateSequential(ReduceOps.java:708)
	at java.util.stream.AbstractPipeline.evaluate(AbstractPipeline.java:234)
	at java.util.stream.ReferencePipeline.collect(ReferencePipeline.java:499)
	at org.springframework.data.repository.core.support.RepositoryFactorySupport$QueryExecutorMethodInterceptor.mapMethodsToQuery(RepositoryFactorySupport.java:560)
	at org.springframework.data.repository.core.support.RepositoryFactorySupport$QueryExecutorMethodInterceptor.lambda$new$0(RepositoryFactorySupport.java:550)
	at java.util.Optional.map(Optional.java:215)
	at org.springframework.data.repository.core.support.RepositoryFactorySupport$QueryExecutorMethodInterceptor.<init>(RepositoryFactorySupport.java:550)
	at org.springframework.data.repository.core.support.RepositoryFactorySupport.getRepository(RepositoryFactorySupport.java:323)
	at org.springframework.data.repository.core.support.RepositoryFactoryBeanSupport.lambda$afterPropertiesSet$4(RepositoryFactoryBeanSupport.java:290)
	at org.springframework.data.util.Lazy.getNullable(Lazy.java:141)
	at org.springframework.data.util.Lazy.get(Lazy.java:63)
	at org.springframework.data.repository.core.support.RepositoryFactoryBeanSupport.afterPropertiesSet(RepositoryFactoryBeanSupport.java:293)
	at org.springframework.data.jpa.repository.support.JpaRepositoryFactoryBean.afterPropertiesSet(JpaRepositoryFactoryBean.java:102)
	at org.springframework.beans.factory.support.AbstractAutowireCapableBeanFactory.invokeInitMethods(AbstractAutowireCapableBeanFactory.java:1753)
	at org.springframework.beans.factory.support.AbstractAutowireCapableBeanFactory.initializeBean(AbstractAutowireCapableBeanFactory.java:1690)
	... 34 common frames omitted
Caused by: java.lang.IllegalArgumentException: At least 1 parameter(s) provided but only 0 parameter(s) present in query.
	at org.springframework.util.Assert.isTrue(Assert.java:134)
	at org.springframework.data.jpa.repository.query.QueryParameterSetterFactory$CriteriaQueryParameterSetterFactory.create(QueryParameterSetterFactory.java:289)
	at org.springframework.data.jpa.repository.query.ParameterBinderFactory.lambda$createQueryParameterSetter$1(ParameterBinderFactory.java:139)
	at java.util.stream.ReferencePipeline$3$1.accept(ReferencePipeline.java:193)
	at java.util.Spliterators$ArraySpliterator.tryAdvance(Spliterators.java:958)
	at java.util.stream.ReferencePipeline.forEachWithCancel(ReferencePipeline.java:126)
	at java.util.stream.AbstractPipeline.copyIntoWithCancel(AbstractPipeline.java:498)
	at java.util.stream.AbstractPipeline.copyInto(AbstractPipeline.java:485)
	at java.util.stream.AbstractPipeline.wrapAndCopyInto(AbstractPipeline.java:471)
	at java.util.stream.FindOps$FindOp.evaluateSequential(FindOps.java:152)
	at java.util.stream.AbstractPipeline.evaluate(AbstractPipeline.java:234)
	at java.util.stream.ReferencePipeline.findFirst(ReferencePipeline.java:464)
	at org.springframework.data.jpa.repository.query.ParameterBinderFactory.createQueryParameterSetter(ParameterBinderFactory.java:141)
	at org.springframework.data.jpa.repository.query.ParameterBinderFactory.lambda$createSetters$0(ParameterBinderFactory.java:131)
	at java.util.stream.ReferencePipeline$3$1.accept(ReferencePipeline.java:193)
	at java.util.ArrayList$ArrayListSpliterator.forEachRemaining(ArrayList.java:1382)
	at java.util.stream.AbstractPipeline.copyInto(AbstractPipeline.java:481)
	at java.util.stream.AbstractPipeline.wrapAndCopyInto(AbstractPipeline.java:471)
	at java.util.stream.ReduceOps$ReduceOp.evaluateSequential(ReduceOps.java:708)
	at java.util.stream.AbstractPipeline.evaluate(AbstractPipeline.java:234)
	at java.util.stream.ReferencePipeline.collect(ReferencePipeline.java:499)
	at org.springframework.data.jpa.repository.query.ParameterBinderFactory.createSetters(ParameterBinderFactory.java:132)
	at org.springframework.data.jpa.repository.query.ParameterBinderFactory.createSetters(ParameterBinderFactory.java:124)
	at org.springframework.data.jpa.repository.query.ParameterBinderFactory.createCriteriaBinder(ParameterBinderFactory.java:75)
	at org.springframework.data.jpa.repository.query.PartTreeJpaQuery$QueryPreparer.getBinder(PartTreeJpaQuery.java:248)
	at org.springframework.data.jpa.repository.query.PartTreeJpaQuery$QueryPreparer.<init>(PartTreeJpaQuery.java:147)
	at org.springframework.data.jpa.repository.query.PartTreeJpaQuery$CountQueryPreparer.<init>(PartTreeJpaQuery.java:268)
	at org.springframework.data.jpa.repository.query.PartTreeJpaQuery.<init>(PartTreeJpaQuery.java:77)
	... 60 common frames omitted
13-11-2018 14:30:46.275 a.e.i.p.parcial.ParcialApplication.$M  Starting ParcialApplication on giuliano-Aspire-E5-571 with PID 5871 (/home/giuliano/eclipse-workspace/ParcialWeb3/target/classes started by giuliano in /home/giuliano/eclipse-workspace/ParcialWeb3)
13-11-2018 14:30:46.277 a.e.i.p.parcial.ParcialApplication.$M  Running with Spring Boot v2.0.6.RELEASE, Spring v5.0.10.RELEASE
13-11-2018 14:30:46.281 a.e.i.p.parcial.ParcialApplication.$M  No active profile set, falling back to default profiles: default
13-11-2018 14:30:51.143 o.s.b.a.o.j.JpaBaseConfiguration$JpaWebConfiguration$JpaWebMvcConfiguration.$M  spring.jpa.open-in-view is enabled by default. Therefore, database queries may be performed during view rendering. Explicitly configure spring.jpa.open-in-view to disable this warning
13-11-2018 14:30:51.746 a.e.i.p.parcial.ParcialApplication.$M  Started ParcialApplication in 5.967 seconds (JVM running for 6.731)
13-11-2018 14:33:22.786 a.e.i.p.parcial.ParcialApplication.$M  Starting ParcialApplication on giuliano-Aspire-E5-571 with PID 6070 (/home/giuliano/eclipse-workspace/ParcialWeb3/target/classes started by giuliano in /home/giuliano/eclipse-workspace/ParcialWeb3)
13-11-2018 14:33:22.788 a.e.i.p.parcial.ParcialApplication.$M  Running with Spring Boot v2.0.6.RELEASE, Spring v5.0.10.RELEASE
13-11-2018 14:33:22.793 a.e.i.p.parcial.ParcialApplication.$M  No active profile set, falling back to default profiles: default
13-11-2018 14:33:24.953 a.e.i.p.parcial.ParcialApplication.$M  Starting ParcialApplication on giuliano-Aspire-E5-571 with PID 6125 (/home/giuliano/eclipse-workspace/ParcialWeb3/target/classes started by giuliano in /home/giuliano/eclipse-workspace/ParcialWeb3)
13-11-2018 14:33:24.954 a.e.i.p.parcial.ParcialApplication.$M  Running with Spring Boot v2.0.6.RELEASE, Spring v5.0.10.RELEASE
13-11-2018 14:33:24.956 a.e.i.p.parcial.ParcialApplication.$M  No active profile set, falling back to default profiles: default
13-11-2018 14:33:30.986 o.s.b.a.o.j.JpaBaseConfiguration$JpaWebConfiguration$JpaWebMvcConfiguration.$M  spring.jpa.open-in-view is enabled by default. Therefore, database queries may be performed during view rendering. Explicitly configure spring.jpa.open-in-view to disable this warning
13-11-2018 14:33:31.648 a.e.i.p.parcial.ParcialApplication.$M  Started ParcialApplication in 7.337 seconds (JVM running for 8.582)
13-11-2018 14:33:32.647 o.s.b.a.o.j.JpaBaseConfiguration$JpaWebConfiguration$JpaWebMvcConfiguration.$M  spring.jpa.open-in-view is enabled by default. Therefore, database queries may be performed during view rendering. Explicitly configure spring.jpa.open-in-view to disable this warning
13-11-2018 14:33:33.949 o.s.b.d.a.OptionalLiveReloadServer.$M  Unable to start LiveReload server
13-11-2018 14:33:34.198 o.a.catalina.core.StandardService.$M  Failed to start connector [Connector[HTTP/1.1-8080]]
org.apache.catalina.LifecycleException: Failed to start component [Connector[HTTP/1.1-8080]]
	at org.apache.catalina.util.LifecycleBase.start(LifecycleBase.java:167)
	at org.apache.catalina.core.StandardService.addConnector(StandardService.java:225)
	at org.springframework.boot.web.embedded.tomcat.TomcatWebServer.addPreviouslyRemovedConnectors(TomcatWebServer.java:261)
	at org.springframework.boot.web.embedded.tomcat.TomcatWebServer.start(TomcatWebServer.java:198)
	at org.springframework.boot.web.servlet.context.ServletWebServerApplicationContext.startWebServer(ServletWebServerApplicationContext.java:300)
	at org.springframework.boot.web.servlet.context.ServletWebServerApplicationContext.finishRefresh(ServletWebServerApplicationContext.java:162)
	at org.springframework.context.support.AbstractApplicationContext.refresh(AbstractApplicationContext.java:551)
	at org.springframework.boot.web.servlet.context.ServletWebServerApplicationContext.refresh(ServletWebServerApplicationContext.java:140)
	at org.springframework.boot.SpringApplication.refresh(SpringApplication.java:754)
	at org.springframework.boot.SpringApplication.refreshContext(SpringApplication.java:386)
	at org.springframework.boot.SpringApplication.run(SpringApplication.java:307)
	at org.springframework.boot.SpringApplication.run(SpringApplication.java:1242)
	at org.springframework.boot.SpringApplication.run(SpringApplication.java:1230)
	at ar.edu.iua.project.parcial.ParcialApplication.main(ParcialApplication.java:10)
	at sun.reflect.NativeMethodAccessorImpl.invoke0(Native Method)
	at sun.reflect.NativeMethodAccessorImpl.invoke(NativeMethodAccessorImpl.java:62)
	at sun.reflect.DelegatingMethodAccessorImpl.invoke(DelegatingMethodAccessorImpl.java:43)
	at java.lang.reflect.Method.invoke(Method.java:498)
	at org.springframework.boot.devtools.restart.RestartLauncher.run(RestartLauncher.java:49)
Caused by: org.apache.catalina.LifecycleException: Protocol handler start failed
	at org.apache.catalina.connector.Connector.startInternal(Connector.java:1020)
	at org.apache.catalina.util.LifecycleBase.start(LifecycleBase.java:150)
	... 18 common frames omitted
Caused by: java.net.BindException: La dirección ya se está usando
	at sun.nio.ch.Net.bind0(Native Method)
	at sun.nio.ch.Net.bind(Net.java:433)
	at sun.nio.ch.Net.bind(Net.java:425)
	at sun.nio.ch.ServerSocketChannelImpl.bind(ServerSocketChannelImpl.java:223)
	at sun.nio.ch.ServerSocketAdaptor.bind(ServerSocketAdaptor.java:74)
	at org.apache.tomcat.util.net.NioEndpoint.bind(NioEndpoint.java:219)
	at org.apache.tomcat.util.net.AbstractEndpoint.start(AbstractEndpoint.java:1151)
	at org.apache.coyote.AbstractProtocol.start(AbstractProtocol.java:591)
	at org.apache.catalina.connector.Connector.startInternal(Connector.java:1018)
	... 19 common frames omitted
13-11-2018 14:33:34.224 o.s.b.d.LoggingFailureAnalysisReporter.$M  

***************************
APPLICATION FAILED TO START
***************************

Description:

The Tomcat connector configured to listen on port 8080 failed to start. The port may already be in use or the connector may be misconfigured.

Action:

Verify the connector's configuration, identify and stop any process that's listening on port 8080, or configure this application to listen on another port.

13-11-2018 14:35:00.780 a.e.i.p.parcial.ParcialApplication.$M  Starting ParcialApplication on giuliano-Aspire-E5-571 with PID 6420 (/home/giuliano/eclipse-workspace/ParcialWeb3/target/classes started by giuliano in /home/giuliano/eclipse-workspace/ParcialWeb3)
13-11-2018 14:35:00.781 a.e.i.p.parcial.ParcialApplication.$M  Running with Spring Boot v2.0.6.RELEASE, Spring v5.0.10.RELEASE
13-11-2018 14:35:00.783 a.e.i.p.parcial.ParcialApplication.$M  No active profile set, falling back to default profiles: default
13-11-2018 14:35:05.153 o.s.b.a.o.j.JpaBaseConfiguration$JpaWebConfiguration$JpaWebMvcConfiguration.$M  spring.jpa.open-in-view is enabled by default. Therefore, database queries may be performed during view rendering. Explicitly configure spring.jpa.open-in-view to disable this warning
13-11-2018 14:35:05.682 a.e.i.p.parcial.ParcialApplication.$M  Started ParcialApplication in 5.36 seconds (JVM running for 6.084)
13-11-2018 14:39:17.759 a.e.i.p.parcial.ParcialApplication.$M  Starting ParcialApplication on giuliano-Aspire-E5-571 with PID 6652 (/home/giuliano/eclipse-workspace/ParcialWeb3/target/classes started by giuliano in /home/giuliano/eclipse-workspace/ParcialWeb3)
13-11-2018 14:39:17.760 a.e.i.p.parcial.ParcialApplication.$M  Running with Spring Boot v2.0.6.RELEASE, Spring v5.0.10.RELEASE
13-11-2018 14:39:17.764 a.e.i.p.parcial.ParcialApplication.$M  No active profile set, falling back to default profiles: default
13-11-2018 14:39:22.463 o.s.b.a.o.j.JpaBaseConfiguration$JpaWebConfiguration$JpaWebMvcConfiguration.$M  spring.jpa.open-in-view is enabled by default. Therefore, database queries may be performed during view rendering. Explicitly configure spring.jpa.open-in-view to disable this warning
13-11-2018 14:39:23.058 a.e.i.p.parcial.ParcialApplication.$M  Started ParcialApplication in 5.745 seconds (JVM running for 6.585)
13-11-2018 14:53:55.865 a.e.i.p.p.ParcialApplicationTests.$M  Starting ParcialApplicationTests on giuliano-Aspire-E5-571 with PID 7601 (started by giuliano in /home/giuliano/eclipse-workspace/ParcialWeb3)
13-11-2018 14:53:55.867 a.e.i.p.p.ParcialApplicationTests.$M  Running with Spring Boot v2.0.6.RELEASE, Spring v5.0.10.RELEASE
13-11-2018 14:53:55.869 a.e.i.p.p.ParcialApplicationTests.$M  No active profile set, falling back to default profiles: default
13-11-2018 14:54:02.003 o.s.b.a.o.j.JpaBaseConfiguration$JpaWebConfiguration$JpaWebMvcConfiguration.$M  spring.jpa.open-in-view is enabled by default. Therefore, database queries may be performed during view rendering. Explicitly configure spring.jpa.open-in-view to disable this warning
13-11-2018 14:54:03.240 a.e.i.p.p.ParcialApplicationTests.$M  Started ParcialApplicationTests in 8.092 seconds (JVM running for 9.701)
13-11-2018 14:55:29.255 a.e.i.p.p.ParcialApplicationTests.$M  Starting ParcialApplicationTests on giuliano-Aspire-E5-571 with PID 7719 (started by giuliano in /home/giuliano/eclipse-workspace/ParcialWeb3)
13-11-2018 14:55:29.261 a.e.i.p.p.ParcialApplicationTests.$M  Running with Spring Boot v2.0.6.RELEASE, Spring v5.0.10.RELEASE
13-11-2018 14:55:29.264 a.e.i.p.p.ParcialApplicationTests.$M  No active profile set, falling back to default profiles: default
13-11-2018 14:55:35.488 o.s.b.a.o.j.JpaBaseConfiguration$JpaWebConfiguration$JpaWebMvcConfiguration.$M  spring.jpa.open-in-view is enabled by default. Therefore, database queries may be performed during view rendering. Explicitly configure spring.jpa.open-in-view to disable this warning
13-11-2018 14:55:36.697 a.e.i.p.p.ParcialApplicationTests.$M  Started ParcialApplicationTests in 8.232 seconds (JVM running for 9.565)
13-11-2018 14:58:59.243 a.e.i.p.p.ParcialApplicationTests.$M  Starting ParcialApplicationTests on giuliano-Aspire-E5-571 with PID 7983 (started by giuliano in /home/giuliano/eclipse-workspace/ParcialWeb3)
13-11-2018 14:58:59.244 a.e.i.p.p.ParcialApplicationTests.$M  Running with Spring Boot v2.0.6.RELEASE, Spring v5.0.10.RELEASE
13-11-2018 14:58:59.253 a.e.i.p.p.ParcialApplicationTests.$M  No active profile set, falling back to default profiles: default
13-11-2018 14:59:05.513 o.s.b.a.o.j.JpaBaseConfiguration$JpaWebConfiguration$JpaWebMvcConfiguration.$M  spring.jpa.open-in-view is enabled by default. Therefore, database queries may be performed during view rendering. Explicitly configure spring.jpa.open-in-view to disable this warning
13-11-2018 14:59:06.615 a.e.i.p.p.ParcialApplicationTests.$M  Started ParcialApplicationTests in 8.114 seconds (JVM running for 9.426)
13-11-2018 15:00:54.092 a.e.i.p.p.ParcialApplicationTests.$M  Starting ParcialApplicationTests on giuliano-Aspire-E5-571 with PID 8106 (started by giuliano in /home/giuliano/eclipse-workspace/ParcialWeb3)
13-11-2018 15:00:54.093 a.e.i.p.p.ParcialApplicationTests.$M  Running with Spring Boot v2.0.6.RELEASE, Spring v5.0.10.RELEASE
13-11-2018 15:00:54.097 a.e.i.p.p.ParcialApplicationTests.$M  No active profile set, falling back to default profiles: default
13-11-2018 15:00:59.586 o.s.b.a.o.j.JpaBaseConfiguration$JpaWebConfiguration$JpaWebMvcConfiguration.$M  spring.jpa.open-in-view is enabled by default. Therefore, database queries may be performed during view rendering. Explicitly configure spring.jpa.open-in-view to disable this warning
13-11-2018 15:01:00.750 a.e.i.p.p.ParcialApplicationTests.$M  Started ParcialApplicationTests in 7.406 seconds (JVM running for 8.865)
13-11-2018 15:02:58.390 a.e.i.p.p.ParcialApplicationTests.$M  Starting ParcialApplicationTests on giuliano-Aspire-E5-571 with PID 8212 (started by giuliano in /home/giuliano/eclipse-workspace/ParcialWeb3)
13-11-2018 15:02:58.392 a.e.i.p.p.ParcialApplicationTests.$M  Running with Spring Boot v2.0.6.RELEASE, Spring v5.0.10.RELEASE
13-11-2018 15:02:58.397 a.e.i.p.p.ParcialApplicationTests.$M  No active profile set, falling back to default profiles: default
13-11-2018 15:03:04.540 o.s.b.a.o.j.JpaBaseConfiguration$JpaWebConfiguration$JpaWebMvcConfiguration.$M  spring.jpa.open-in-view is enabled by default. Therefore, database queries may be performed during view rendering. Explicitly configure spring.jpa.open-in-view to disable this warning
13-11-2018 15:03:05.845 a.e.i.p.p.ParcialApplicationTests.$M  Started ParcialApplicationTests in 8.193 seconds (JVM running for 9.559)
13-11-2018 15:03:31.775 a.e.i.p.p.ParcialApplicationTests.$M  Starting ParcialApplicationTests on giuliano-Aspire-E5-571 with PID 8270 (started by giuliano in /home/giuliano/eclipse-workspace/ParcialWeb3)
13-11-2018 15:03:31.781 a.e.i.p.p.ParcialApplicationTests.$M  Running with Spring Boot v2.0.6.RELEASE, Spring v5.0.10.RELEASE
13-11-2018 15:03:31.792 a.e.i.p.p.ParcialApplicationTests.$M  No active profile set, falling back to default profiles: default
13-11-2018 15:03:38.216 o.s.b.a.o.j.JpaBaseConfiguration$JpaWebConfiguration$JpaWebMvcConfiguration.$M  spring.jpa.open-in-view is enabled by default. Therefore, database queries may be performed during view rendering. Explicitly configure spring.jpa.open-in-view to disable this warning
13-11-2018 15:03:39.638 a.e.i.p.p.ParcialApplicationTests.$M  Started ParcialApplicationTests in 8.624 seconds (JVM running for 10.012)
13-11-2018 15:03:43.519 a.e.i.p.p.ParcialApplicationTests.$M  Starting ParcialApplicationTests on giuliano-Aspire-E5-571 with PID 8327 (started by giuliano in /home/giuliano/eclipse-workspace/ParcialWeb3)
13-11-2018 15:03:43.523 a.e.i.p.p.ParcialApplicationTests.$M  Running with Spring Boot v2.0.6.RELEASE, Spring v5.0.10.RELEASE
13-11-2018 15:03:43.529 a.e.i.p.p.ParcialApplicationTests.$M  No active profile set, falling back to default profiles: default
13-11-2018 15:03:49.261 o.s.b.a.o.j.JpaBaseConfiguration$JpaWebConfiguration$JpaWebMvcConfiguration.$M  spring.jpa.open-in-view is enabled by default. Therefore, database queries may be performed during view rendering. Explicitly configure spring.jpa.open-in-view to disable this warning
13-11-2018 15:03:50.257 a.e.i.p.p.ParcialApplicationTests.$M  Started ParcialApplicationTests in 7.594 seconds (JVM running for 9.903)
13-11-2018 15:03:57.830 a.e.i.p.parcial.ParcialApplication.$M  Starting ParcialApplication on giuliano-Aspire-E5-571 with PID 8388 (/home/giuliano/eclipse-workspace/ParcialWeb3/target/classes started by giuliano in /home/giuliano/eclipse-workspace/ParcialWeb3)
13-11-2018 15:03:57.832 a.e.i.p.parcial.ParcialApplication.$M  Running with Spring Boot v2.0.6.RELEASE, Spring v5.0.10.RELEASE
13-11-2018 15:03:57.834 a.e.i.p.parcial.ParcialApplication.$M  No active profile set, falling back to default profiles: default
13-11-2018 15:04:02.246 o.s.b.a.o.j.JpaBaseConfiguration$JpaWebConfiguration$JpaWebMvcConfiguration.$M  spring.jpa.open-in-view is enabled by default. Therefore, database queries may be performed during view rendering. Explicitly configure spring.jpa.open-in-view to disable this warning
13-11-2018 15:04:02.771 a.e.i.p.parcial.ParcialApplication.$M  Started ParcialApplication in 5.371 seconds (JVM running for 6.127)
13-11-2018 15:04:11.968 a.e.i.p.p.ParcialApplicationTests.$M  Starting ParcialApplicationTests on giuliano-Aspire-E5-571 with PID 8513 (started by giuliano in /home/giuliano/eclipse-workspace/ParcialWeb3)
13-11-2018 15:04:11.975 a.e.i.p.p.ParcialApplicationTests.$M  Running with Spring Boot v2.0.6.RELEASE, Spring v5.0.10.RELEASE
13-11-2018 15:04:11.979 a.e.i.p.p.ParcialApplicationTests.$M  No active profile set, falling back to default profiles: default
13-11-2018 15:04:17.846 o.s.b.a.o.j.JpaBaseConfiguration$JpaWebConfiguration$JpaWebMvcConfiguration.$M  spring.jpa.open-in-view is enabled by default. Therefore, database queries may be performed during view rendering. Explicitly configure spring.jpa.open-in-view to disable this warning
13-11-2018 15:04:18.954 a.e.i.p.p.ParcialApplicationTests.$M  Started ParcialApplicationTests in 7.767 seconds (JVM running for 9.304)
13-11-2018 15:06:09.451 a.e.i.p.p.ParcialApplicationTests.$M  Starting ParcialApplicationTests on giuliano-Aspire-E5-571 with PID 8654 (started by giuliano in /home/giuliano/eclipse-workspace/ParcialWeb3)
13-11-2018 15:06:09.456 a.e.i.p.p.ParcialApplicationTests.$M  Running with Spring Boot v2.0.6.RELEASE, Spring v5.0.10.RELEASE
13-11-2018 15:06:09.459 a.e.i.p.p.ParcialApplicationTests.$M  No active profile set, falling back to default profiles: default
13-11-2018 15:06:15.235 o.s.b.a.o.j.JpaBaseConfiguration$JpaWebConfiguration$JpaWebMvcConfiguration.$M  spring.jpa.open-in-view is enabled by default. Therefore, database queries may be performed during view rendering. Explicitly configure spring.jpa.open-in-view to disable this warning
13-11-2018 15:06:16.378 a.e.i.p.p.ParcialApplicationTests.$M  Started ParcialApplicationTests in 7.797 seconds (JVM running for 9.216)
13-11-2018 15:08:41.767 a.e.i.p.p.ParcialApplicationTests.$M  Starting ParcialApplicationTests on giuliano-Aspire-E5-571 with PID 8765 (started by giuliano in /home/giuliano/eclipse-workspace/ParcialWeb3)
13-11-2018 15:08:41.769 a.e.i.p.p.ParcialApplicationTests.$M  Running with Spring Boot v2.0.6.RELEASE, Spring v5.0.10.RELEASE
13-11-2018 15:08:41.772 a.e.i.p.p.ParcialApplicationTests.$M  No active profile set, falling back to default profiles: default
13-11-2018 15:08:47.648 o.s.b.a.o.j.JpaBaseConfiguration$JpaWebConfiguration$JpaWebMvcConfiguration.$M  spring.jpa.open-in-view is enabled by default. Therefore, database queries may be performed during view rendering. Explicitly configure spring.jpa.open-in-view to disable this warning
13-11-2018 15:08:48.784 a.e.i.p.p.ParcialApplicationTests.$M  Started ParcialApplicationTests in 7.869 seconds (JVM running for 9.464)
13-11-2018 15:16:17.394 a.e.i.p.p.ParcialApplicationTests.$M  Starting ParcialApplicationTests on giuliano-Aspire-E5-571 with PID 9018 (started by giuliano in /home/giuliano/eclipse-workspace/ParcialWeb3)
13-11-2018 15:16:17.399 a.e.i.p.p.ParcialApplicationTests.$M  Running with Spring Boot v2.0.6.RELEASE, Spring v5.0.10.RELEASE
13-11-2018 15:16:17.404 a.e.i.p.p.ParcialApplicationTests.$M  No active profile set, falling back to default profiles: default
13-11-2018 15:16:23.283 o.s.b.a.o.j.JpaBaseConfiguration$JpaWebConfiguration$JpaWebMvcConfiguration.$M  spring.jpa.open-in-view is enabled by default. Therefore, database queries may be performed during view rendering. Explicitly configure spring.jpa.open-in-view to disable this warning
13-11-2018 15:16:24.356 a.e.i.p.p.ParcialApplicationTests.$M  Started ParcialApplicationTests in 7.741 seconds (JVM running for 9.08)
13-11-2018 15:18:44.199 a.e.i.p.p.ParcialApplicationTests.$M  Starting ParcialApplicationTests on giuliano-Aspire-E5-571 with PID 9308 (started by giuliano in /home/giuliano/eclipse-workspace/ParcialWeb3)
13-11-2018 15:18:44.201 a.e.i.p.p.ParcialApplicationTests.$M  Running with Spring Boot v2.0.6.RELEASE, Spring v5.0.10.RELEASE
13-11-2018 15:18:44.205 a.e.i.p.p.ParcialApplicationTests.$M  No active profile set, falling back to default profiles: default
13-11-2018 15:18:50.141 o.s.b.a.o.j.JpaBaseConfiguration$JpaWebConfiguration$JpaWebMvcConfiguration.$M  spring.jpa.open-in-view is enabled by default. Therefore, database queries may be performed during view rendering. Explicitly configure spring.jpa.open-in-view to disable this warning
13-11-2018 15:18:51.284 a.e.i.p.p.ParcialApplicationTests.$M  Started ParcialApplicationTests in 7.887 seconds (JVM running for 9.168)
13-11-2018 15:24:30.789 a.e.i.p.p.ParcialApplicationTests.$M  Starting ParcialApplicationTests on giuliano-Aspire-E5-571 with PID 9539 (started by giuliano in /home/giuliano/eclipse-workspace/ParcialWeb3)
13-11-2018 15:24:30.799 a.e.i.p.p.ParcialApplicationTests.$M  Running with Spring Boot v2.0.6.RELEASE, Spring v5.0.10.RELEASE
13-11-2018 15:24:30.804 a.e.i.p.p.ParcialApplicationTests.$M  No active profile set, falling back to default profiles: default
13-11-2018 15:24:36.326 o.s.b.a.o.j.JpaBaseConfiguration$JpaWebConfiguration$JpaWebMvcConfiguration.$M  spring.jpa.open-in-view is enabled by default. Therefore, database queries may be performed during view rendering. Explicitly configure spring.jpa.open-in-view to disable this warning
13-11-2018 15:24:37.460 a.e.i.p.p.ParcialApplicationTests.$M  Started ParcialApplicationTests in 7.543 seconds (JVM running for 8.802)
13-11-2018 15:25:32.692 a.e.i.p.p.ParcialApplicationTests.$M  Starting ParcialApplicationTests on giuliano-Aspire-E5-571 with PID 9640 (started by giuliano in /home/giuliano/eclipse-workspace/ParcialWeb3)
13-11-2018 15:25:32.695 a.e.i.p.p.ParcialApplicationTests.$M  Running with Spring Boot v2.0.6.RELEASE, Spring v5.0.10.RELEASE
13-11-2018 15:25:32.700 a.e.i.p.p.ParcialApplicationTests.$M  No active profile set, falling back to default profiles: default
13-11-2018 15:25:38.703 o.s.b.a.o.j.JpaBaseConfiguration$JpaWebConfiguration$JpaWebMvcConfiguration.$M  spring.jpa.open-in-view is enabled by default. Therefore, database queries may be performed during view rendering. Explicitly configure spring.jpa.open-in-view to disable this warning
13-11-2018 15:25:39.762 a.e.i.p.p.ParcialApplicationTests.$M  Started ParcialApplicationTests in 7.747 seconds (JVM running for 9.014)
13-11-2018 15:28:18.328 a.e.i.p.p.ParcialApplicationTests.$M  Starting ParcialApplicationTests on giuliano-Aspire-E5-571 with PID 9757 (started by giuliano in /home/giuliano/eclipse-workspace/ParcialWeb3)
13-11-2018 15:28:18.330 a.e.i.p.p.ParcialApplicationTests.$M  Running with Spring Boot v2.0.6.RELEASE, Spring v5.0.10.RELEASE
13-11-2018 15:28:18.339 a.e.i.p.p.ParcialApplicationTests.$M  No active profile set, falling back to default profiles: default
13-11-2018 15:28:24.127 o.s.b.a.o.j.JpaBaseConfiguration$JpaWebConfiguration$JpaWebMvcConfiguration.$M  spring.jpa.open-in-view is enabled by default. Therefore, database queries may be performed during view rendering. Explicitly configure spring.jpa.open-in-view to disable this warning
13-11-2018 15:28:25.347 a.e.i.p.p.ParcialApplicationTests.$M  Started ParcialApplicationTests in 7.777 seconds (JVM running for 9.011)
13-11-2018 15:32:43.910 a.e.i.p.p.ParcialApplicationTests.$M  Starting ParcialApplicationTests on giuliano-Aspire-E5-571 with PID 9927 (started by giuliano in /home/giuliano/eclipse-workspace/ParcialWeb3)
13-11-2018 15:32:43.912 a.e.i.p.p.ParcialApplicationTests.$M  Running with Spring Boot v2.0.6.RELEASE, Spring v5.0.10.RELEASE
13-11-2018 15:32:43.916 a.e.i.p.p.ParcialApplicationTests.$M  No active profile set, falling back to default profiles: default
13-11-2018 15:32:49.645 o.s.b.a.o.j.JpaBaseConfiguration$JpaWebConfiguration$JpaWebMvcConfiguration.$M  spring.jpa.open-in-view is enabled by default. Therefore, database queries may be performed during view rendering. Explicitly configure spring.jpa.open-in-view to disable this warning
13-11-2018 15:32:50.606 a.e.i.p.p.ParcialApplicationTests.$M  Started ParcialApplicationTests in 7.438 seconds (JVM running for 8.683)
13-11-2018 15:35:15.892 a.e.i.p.parcial.ParcialApplication.$M  Starting ParcialApplication on giuliano-Aspire-E5-571 with PID 10095 (/home/giuliano/eclipse-workspace/ParcialWeb3/target/classes started by giuliano in /home/giuliano/eclipse-workspace/ParcialWeb3)
13-11-2018 15:35:15.892 a.e.i.p.parcial.ParcialApplication.$M  Running with Spring Boot v2.0.6.RELEASE, Spring v5.0.10.RELEASE
13-11-2018 15:35:15.895 a.e.i.p.parcial.ParcialApplication.$M  No active profile set, falling back to default profiles: default
13-11-2018 15:35:20.391 o.s.b.a.o.j.JpaBaseConfiguration$JpaWebConfiguration$JpaWebMvcConfiguration.$M  spring.jpa.open-in-view is enabled by default. Therefore, database queries may be performed during view rendering. Explicitly configure spring.jpa.open-in-view to disable this warning
13-11-2018 15:35:20.900 a.e.i.p.parcial.ParcialApplication.$M  Started ParcialApplication in 5.632 seconds (JVM running for 6.37)
